<?xml version='1.0' encoding='UTF-8'?>
<testsuite hostname="Fail-Laptop" name="ChangeUserNameTest" tests="6" errors="0" failures="0" skipped="0" time="12.391">
                     <properties>
[...]
</properties>
                     <testcase classname="ChangeUserNameTest" name="A Test to change the User Name A Home page should have the correct title" time="0.056">
                                                 
                                               </testcase><testcase classname="ChangeUserNameTest" name="A Test to change the User Name A sign-in page should have a login form" time="3.673">
                                                 
                                               </testcase><testcase classname="ChangeUserNameTest" name="A Test to change the User Name A user account page should display the correct user name" time="2.785">
                                                 
                                               </testcase><testcase classname="ChangeUserNameTest" name="A Test to change the User Name A User information Page should display the user's information" time="2.021">
                                                 
                                               </testcase><testcase classname="ChangeUserNameTest" name="A Test to change the User Name A confirmation message should be displayed when changes are made to the user's information" time="2.212">
                                                 
                                               </testcase><testcase classname="ChangeUserNameTest" name="A Test to change the User Name A user account page should reflect recent changes and display the correct user name" time="1.644">
                                                 
                                               </testcase>
                     <system-out></system-out>
                     <system-err></system-err>
                   </testsuite>